SF:lib/core/network/network_info.dart
DA:9,1
DA:11,1
DA:12,2
LF:3
LH:3
end_of_record
SF:lib/data/datasources/genres/genres_local_data_source.dart
DA:19,1
DA:21,1
DA:23,2
DA:25,2
DA:30,1
DA:31,2
DA:33,3
DA:35,1
LF:8
LH:8
end_of_record
SF:lib/data/models/genre_model.dart
DA:3,3
DA:4,0
DA:6,3
DA:7,6
DA:8,3
DA:9,3
DA:14,1
DA:15,1
DA:16,1
DA:17,0
DA:22,0
DA:23,0
DA:24,0
DA:25,0
DA:30,0
DA:31,0
DA:34,4
DA:37,4
DA:42,6
DA:43,3
DA:44,3
DA:47,0
DA:48,0
DA:49,0
LF:24
LH:13
end_of_record
SF:lib/domain/entities/genre.dart
DA:5,5
LF:1
LH:1
end_of_record
SF:lib/core/api/movies_api.dart
DA:10,2
DA:11,1
DA:13,1
DA:14,2
DA:16,2
DA:19,1
DA:21,2
DA:22,2
DA:24,0
DA:25,0
DA:28,0
DA:32,0
DA:35,0
DA:39,0
DA:42,1
DA:43,1
DA:44,2
DA:47,0
LF:18
LH:11
end_of_record
SF:lib/data/datasources/genres/genres_remote_data_source.dart
DA:17,1
DA:20,1
DA:21,4
DA:22,2
DA:23,4
DA:25,1
LF:6
LH:6
end_of_record
SF:lib/data/datasources/movies/movies_local_data_source.dart
DA:17,1
DA:19,1
DA:21,2
DA:23,2
DA:27,1
DA:29,2
DA:31,3
DA:33,1
LF:8
LH:8
end_of_record
SF:lib/data/models/movie_model.dart
DA:8,3
DA:9,0
DA:11,3
DA:12,6
DA:13,3
DA:14,3
DA:19,1
DA:20,1
DA:21,1
DA:22,0
DA:48,4
DA:68,4
DA:90,6
DA:91,3
DA:92,3
DA:93,3
DA:94,12
DA:95,1
DA:96,3
DA:97,3
DA:98,3
DA:99,3
DA:100,6
DA:101,3
DA:102,6
DA:103,3
DA:104,3
DA:105,6
DA:106,3
DA:107,3
DA:108,3
DA:109,3
DA:110,3
DA:111,2
DA:112,3
DA:113,3
DA:114,3
DA:115,2
DA:116,3
DA:117,3
DA:120,0
DA:121,0
DA:122,0
DA:123,0
DA:124,0
DA:125,0
DA:126,0
DA:127,0
DA:128,0
DA:129,0
DA:131,0
DA:132,0
DA:133,0
DA:134,0
DA:135,0
DA:136,0
DA:137,0
DA:139,0
DA:141,0
LF:59
LH:38
end_of_record
SF:lib/domain/entities/movie.dart
DA:27,6
LF:1
LH:1
end_of_record
SF:lib/data/models/production_company_model.dart
DA:2,1
DA:14,1
DA:15,1
DA:16,1
DA:17,1
DA:18,1
DA:19,1
DA:22,0
DA:23,0
DA:24,0
DA:25,0
DA:26,0
LF:12
LH:7
end_of_record
SF:lib/data/models/production_country_model.dart
DA:2,1
DA:10,1
DA:11,1
DA:12,1
DA:13,1
DA:16,0
DA:17,0
DA:18,0
LF:8
LH:5
end_of_record
SF:lib/data/datasources/movies/movies_remote_data_source.dart
DA:31,1
DA:34,1
DA:39,3
DA:40,1
DA:42,2
DA:43,4
DA:45,1
DA:49,1
DA:50,4
DA:51,2
DA:52,4
DA:54,1
DA:58,1
DA:59,3
DA:60,1
DA:62,2
DA:63,3
DA:65,1
DA:69,0
DA:70,0
DA:71,0
DA:73,0
DA:74,0
DA:76,0
LF:24
LH:18
end_of_record
SF:lib/data/models/actor_model.dart
DA:3,0
DA:4,0
DA:6,0
DA:7,0
DA:8,0
DA:9,0
DA:15,0
DA:28,0
DA:51,0
DA:52,0
DA:53,0
DA:54,0
DA:55,0
DA:56,0
DA:57,0
DA:58,0
DA:59,0
DA:60,0
DA:61,0
DA:62,0
DA:63,0
DA:66,0
DA:67,0
DA:68,0
DA:69,0
DA:70,0
DA:71,0
DA:72,0
DA:73,0
DA:74,0
DA:75,0
DA:76,0
DA:77,0
DA:78,0
LF:34
LH:0
end_of_record
SF:lib/domain/entities/actor.dart
DA:10,0
DA:20,0
DA:21,0
DA:24,0
LF:4
LH:0
end_of_record
SF:lib/core/errors/failure.dart
DA:4,2
DA:5,2
DA:20,3
DA:21,3
DA:22,3
DA:24,3
LF:6
LH:6
end_of_record
SF:lib/data/repositories/genres_repository_impl.dart
DA:19,1
DA:26,1
DA:27,3
DA:28,0
DA:29,3
DA:31,3
DA:32,2
DA:33,1
DA:34,1
DA:35,1
DA:36,2
DA:40,3
DA:41,1
DA:42,1
DA:43,1
DA:44,2
LF:16
LH:15
end_of_record
SF:lib/data/repositories/movies_repository_impl.dart
DA:20,1
DA:30,1
DA:35,1
DA:36,0
DA:37,1
DA:38,0
DA:39,3
DA:41,3
DA:46,4
DA:47,1
DA:48,1
DA:49,1
DA:50,2
DA:54,3
DA:55,2
DA:57,1
DA:58,1
DA:59,1
DA:60,2
DA:66,1
DA:70,3
DA:72,3
DA:76,1
DA:77,1
DA:78,2
DA:81,2
DA:85,1
DA:89,3
DA:91,3
DA:95,1
DA:96,1
DA:97,2
DA:100,2
DA:104,0
DA:108,0
DA:110,0
DA:114,0
DA:115,0
DA:116,0
DA:119,0
DA:122,1
DA:123,1
DA:124,0
DA:126,2
DA:130,1
DA:131,1
DA:132,0
DA:133,0
DA:135,1
DA:136,2
LF:50
LH:38
end_of_record
SF:lib/domain/usecases/get_movie_detail.dart
DA:11,1
DA:14,1
DA:15,5
DA:23,2
DA:25,1
DA:26,3
LF:6
LH:6
end_of_record
SF:lib/core/usecases/usecase.dart
DA:11,0
DA:12,0
LF:2
LH:0
end_of_record
SF:lib/domain/usecases/get_movies.dart
DA:14,1
DA:17,1
DA:18,3
DA:19,1
DA:20,1
DA:21,1
DA:31,2
DA:37,1
DA:38,4
LF:9
LH:9
end_of_record
SF:lib/domain/usecases/get_genres.dart
DA:12,1
DA:15,1
DA:16,4
DA:23,2
DA:25,1
DA:26,2
LF:6
LH:6
end_of_record
SF:lib/domain/usecases/search_movies.dart
DA:13,1
DA:16,1
DA:17,5
DA:26,2
DA:28,1
DA:29,3
LF:6
LH:6
end_of_record
SF:lib/presentation/genres/business_logic/genres_state.dart
DA:4,1
DA:5,1
DA:14,1
DA:16,1
DA:17,2
DA:22,1
DA:24,1
DA:25,2
LF:8
LH:8
end_of_record
SF:lib/presentation/genres/business_logic/genres_cubit.dart
DA:15,1
DA:17,0
DA:18,2
DA:20,1
DA:23,2
DA:24,4
DA:25,1
DA:26,1
DA:27,3
DA:28,2
DA:33,1
DA:34,1
DA:35,1
LF:13
LH:12
end_of_record
SF:lib/presentation/movies/business_logic/movies_bloc/movies_state.dart
DA:4,1
DA:5,1
DA:14,1
DA:16,1
DA:17,2
DA:22,1
DA:24,1
DA:25,2
LF:8
LH:8
end_of_record
SF:lib/presentation/movies/business_logic/movies_bloc/movies_event.dart
DA:4,0
DA:5,0
DA:13,1
DA:15,0
DA:16,0
LF:5
LH:1
end_of_record
SF:lib/presentation/movies/business_logic/movies_bloc/movies_bloc.dart
DA:15,1
DA:17,0
DA:18,2
DA:21,1
DA:22,3
DA:25,1
DA:26,2
DA:27,3
DA:28,1
DA:29,1
DA:30,1
DA:31,1
DA:33,2
DA:34,3
DA:35,2
LF:15
LH:14
end_of_record
SF:lib/presentation/movies/business_logic/movie_details_cubit/movie_details_state.dart
DA:4,1
DA:5,1
DA:12,1
DA:14,1
DA:15,2
DA:20,1
DA:22,1
DA:23,2
LF:8
LH:8
end_of_record
SF:lib/presentation/movies/business_logic/movie_details_cubit/movie_details_cubit.dart
DA:14,1
DA:15,0
DA:16,2
DA:18,1
DA:19,2
DA:20,3
DA:21,1
DA:23,1
DA:24,2
DA:25,2
DA:27,3
LF:11
LH:10
end_of_record
SF:lib/presentation/movies/business_logic/movies_search_cubit/movies_search_state.dart
DA:4,1
DA:5,1
DA:14,1
DA:16,1
DA:17,2
DA:22,1
DA:24,1
DA:25,2
LF:8
LH:8
end_of_record
SF:lib/presentation/movies/business_logic/movies_search_cubit/movies_search_cubit.dart
DA:17,1
DA:19,0
DA:20,2
DA:22,1
DA:23,2
DA:26,1
DA:30,2
DA:31,0
DA:33,2
DA:36,1
DA:37,1
DA:38,1
DA:39,3
DA:40,1
DA:43,1
DA:44,2
DA:45,2
DA:47,3
LF:18
LH:16
end_of_record
