SF:lib/data/models/movie_model.dart
DA:5,0
DA:6,0
DA:8,0
DA:11,2
DA:43,0
DA:44,0
DA:45,0
DA:46,0
DA:47,0
DA:48,0
DA:49,0
DA:50,0
DA:51,0
DA:52,0
DA:53,0
DA:54,0
DA:55,0
DA:56,0
DA:57,0
DA:60,0
DA:61,0
DA:62,0
DA:63,0
DA:64,0
DA:65,0
DA:66,0
DA:67,0
DA:68,0
DA:69,0
DA:71,0
DA:72,0
DA:73,0
DA:74,0
DA:75,0
DA:78,0
DA:79,0
LF:36
LH:1
end_of_record
SF:lib/domain/usecases/get_movies_now_playing.dart
DA:13,1
DA:16,1
DA:17,4
DA:23,1
DA:25,0
DA:26,0
LF:6
LH:4
end_of_record
SF:lib/core/errors/failure.dart
DA:4,1
DA:5,1
LF:2
LH:2
end_of_record
SF:lib/core/usecases/usecase.dart
DA:11,0
DA:12,0
LF:2
LH:0
end_of_record
SF:lib/core/network/network_info.dart
DA:9,0
DA:11,0
DA:12,0
LF:3
LH:0
end_of_record
SF:lib/data/repositories/movie_repository_impl.dart
DA:15,1
DA:21,1
DA:24,2
DA:26,3
DA:27,1
DA:28,1
DA:29,2
LF:7
LH:7
end_of_record
